<?xml version="1.0" encoding="UTF-8"?>
<testsuite name="com.cinema.apigateway.ApiGatewayApplicationTests" tests="1" skipped="0" failures="0" errors="0" timestamp="2023-11-24T09:49:06" hostname="ISA-SCHAMARI" time="0.401">
  <properties/>
  <testcase name="contextLoads()" classname="com.cinema.apigateway.ApiGatewayApplicationTests" time="0.401"/>
  <system-out><![CDATA[15:19:04.191 [Test worker] INFO org.springframework.test.context.support.AnnotationConfigContextLoaderUtils -- Could not detect default configuration classes for test class [com.cinema.apigateway.ApiGatewayApplicationTests]: ApiGatewayApplicationTests does not declare any static, non-private, non-final, nested classes annotated with @Configuration.
15:19:04.238 [Test worker] INFO org.springframework.boot.test.context.SpringBootTestContextBootstrapper -- Found @SpringBootConfiguration com.cinema.apigateway.ApiGatewayApplication for test class com.cinema.apigateway.ApiGatewayApplicationTests

  .   ____          _            __ _ _
 /\\ / ___'_ __ _ _(_)_ __  __ _ \ \ \ \
( ( )\___ | '_ | '_| | '_ \/ _` | \ \ \ \
 \\/  ___)| |_)| | | | | || (_| |  ) ) ) )
  '  |____| .__|_| |_|_| |_\__, | / / / /
 =========|_|==============|___/=/_/_/_/
 :: Spring Boot ::                (v3.1.5)

2023-11-24T15:19:04.459+05:30  INFO 34207 --- [    Test worker] c.c.a.ApiGatewayApplicationTests         : Starting ApiGatewayApplicationTests using Java 17.0.6 with PID 34207 (started by sandalika in /home/sandalika/Documents/idea projects/Cinema/backend/api-gateway)
2023-11-24T15:19:04.460+05:30  INFO 34207 --- [    Test worker] c.c.a.ApiGatewayApplicationTests         : No active profile set, falling back to 1 default profile: "default"
2023-11-24T15:19:04.841+05:30 TRACE 34207 --- [    Test worker] o.s.c.g.c.c.OnEnabledGlobalFilter        : Condition OnEnabledGlobalFilter on org.springframework.cloud.gateway.config.GatewayReactiveLoadBalancerClientAutoConfiguration#gatewayLoadBalancerClientFilter matched
2023-11-24T15:19:04.843+05:30 TRACE 34207 --- [    Test worker] o.s.c.g.c.c.OnEnabledGlobalFilter        : Condition OnEnabledGlobalFilter on org.springframework.cloud.gateway.config.GatewayReactiveLoadBalancerClientAutoConfiguration#loadBalancerServiceInstanceCookieFilter matched
2023-11-24T15:19:04.849+05:30 TRACE 34207 --- [    Test worker] o.s.c.g.c.c.OnEnabledGlobalFilter        : Condition OnEnabledGlobalFilter on org.springframework.cloud.gateway.config.GatewayAutoConfiguration$NettyConfiguration#routingFilter matched
2023-11-24T15:19:04.849+05:30 TRACE 34207 --- [    Test worker] o.s.c.g.c.c.OnEnabledGlobalFilter        : Condition OnEnabledGlobalFilter on org.springframework.cloud.gateway.config.GatewayAutoConfiguration$NettyConfiguration#nettyWriteResponseFilter matched
2023-11-24T15:19:04.850+05:30 TRACE 34207 --- [    Test worker] o.s.c.g.c.c.OnEnabledGlobalFilter        : Condition OnEnabledGlobalFilter on org.springframework.cloud.gateway.config.GatewayAutoConfiguration$NettyConfiguration#reactorNettyWebSocketClient matched
2023-11-24T15:19:04.850+05:30 TRACE 34207 --- [    Test worker] o.s.c.g.c.c.OnEnabledGlobalFilter        : Condition OnEnabledGlobalFilter on org.springframework.cloud.gateway.config.GatewayAutoConfiguration$NettyConfiguration#reactorNettyRequestUpgradeStrategy matched
2023-11-24T15:19:04.861+05:30 TRACE 34207 --- [    Test worker] o.s.c.g.c.c.OnEnabledGlobalFilter        : Condition OnEnabledGlobalFilter on org.springframework.cloud.gateway.config.GatewayAutoConfiguration#adaptCachedBodyGlobalFilter matched
2023-11-24T15:19:04.861+05:30 TRACE 34207 --- [    Test worker] o.s.c.g.c.c.OnEnabledGlobalFilter        : Condition OnEnabledGlobalFilter on org.springframework.cloud.gateway.config.GatewayAutoConfiguration#removeCachedBodyFilter matched
2023-11-24T15:19:04.861+05:30 TRACE 34207 --- [    Test worker] o.s.c.g.c.c.OnEnabledGlobalFilter        : Condition OnEnabledGlobalFilter on org.springframework.cloud.gateway.config.GatewayAutoConfiguration#routeToRequestUrlFilter matched
2023-11-24T15:19:04.861+05:30 TRACE 34207 --- [    Test worker] o.s.c.g.c.c.OnEnabledGlobalFilter        : Condition OnEnabledGlobalFilter on org.springframework.cloud.gateway.config.GatewayAutoConfiguration#forwardRoutingFilter matched
2023-11-24T15:19:04.861+05:30 TRACE 34207 --- [    Test worker] o.s.c.g.c.c.OnEnabledGlobalFilter        : Condition OnEnabledGlobalFilter on org.springframework.cloud.gateway.config.GatewayAutoConfiguration#forwardPathFilter matched
2023-11-24T15:19:04.862+05:30 TRACE 34207 --- [    Test worker] o.s.c.g.c.c.OnEnabledGlobalFilter        : Condition OnEnabledGlobalFilter on org.springframework.cloud.gateway.config.GatewayAutoConfiguration#webSocketService matched
2023-11-24T15:19:04.862+05:30 TRACE 34207 --- [    Test worker] o.s.c.g.c.c.OnEnabledGlobalFilter        : Condition OnEnabledGlobalFilter on org.springframework.cloud.gateway.config.GatewayAutoConfiguration#websocketRoutingFilter matched
2023-11-24T15:19:04.862+05:30 TRACE 34207 --- [    Test worker] o.s.c.g.c.c.OnEnabledPredicate           : Condition OnEnabledPredicate on org.springframework.cloud.gateway.config.GatewayAutoConfiguration#weightCalculatorWebFilter matched
2023-11-24T15:19:04.862+05:30 TRACE 34207 --- [    Test worker] o.s.c.g.c.c.OnEnabledPredicate           : Condition OnEnabledPredicate on org.springframework.cloud.gateway.config.GatewayAutoConfiguration#afterRoutePredicateFactory matched
2023-11-24T15:19:04.863+05:30 TRACE 34207 --- [    Test worker] o.s.c.g.c.c.OnEnabledPredicate           : Condition OnEnabledPredicate on org.springframework.cloud.gateway.config.GatewayAutoConfiguration#beforeRoutePredicateFactory matched
2023-11-24T15:19:04.863+05:30 TRACE 34207 --- [    Test worker] o.s.c.g.c.c.OnEnabledPredicate           : Condition OnEnabledPredicate on org.springframework.cloud.gateway.config.GatewayAutoConfiguration#betweenRoutePredicateFactory matched
2023-11-24T15:19:04.863+05:30 TRACE 34207 --- [    Test worker] o.s.c.g.c.c.OnEnabledPredicate           : Condition OnEnabledPredicate on org.springframework.cloud.gateway.config.GatewayAutoConfiguration#cookieRoutePredicateFactory matched
2023-11-24T15:19:04.863+05:30 TRACE 34207 --- [    Test worker] o.s.c.g.c.c.OnEnabledPredicate           : Condition OnEnabledPredicate on org.springframework.cloud.gateway.config.GatewayAutoConfiguration#headerRoutePredicateFactory matched
2023-11-24T15:19:04.863+05:30 TRACE 34207 --- [    Test worker] o.s.c.g.c.c.OnEnabledPredicate           : Condition OnEnabledPredicate on org.springframework.cloud.gateway.config.GatewayAutoConfiguration#hostRoutePredicateFactory matched
2023-11-24T15:19:04.864+05:30 TRACE 34207 --- [    Test worker] o.s.c.g.c.c.OnEnabledPredicate           : Condition OnEnabledPredicate on org.springframework.cloud.gateway.config.GatewayAutoConfiguration#methodRoutePredicateFactory matched
2023-11-24T15:19:04.864+05:30 TRACE 34207 --- [    Test worker] o.s.c.g.c.c.OnEnabledPredicate           : Condition OnEnabledPredicate on org.springframework.cloud.gateway.config.GatewayAutoConfiguration#pathRoutePredicateFactory matched
2023-11-24T15:19:04.864+05:30 TRACE 34207 --- [    Test worker] o.s.c.g.c.c.OnEnabledPredicate           : Condition OnEnabledPredicate on org.springframework.cloud.gateway.config.GatewayAutoConfiguration#queryRoutePredicateFactory matched
2023-11-24T15:19:04.864+05:30 TRACE 34207 --- [    Test worker] o.s.c.g.c.c.OnEnabledPredicate           : Condition OnEnabledPredicate on org.springframework.cloud.gateway.config.GatewayAutoConfiguration#readBodyPredicateFactory matched
2023-11-24T15:19:04.864+05:30 TRACE 34207 --- [    Test worker] o.s.c.g.c.c.OnEnabledPredicate           : Condition OnEnabledPredicate on org.springframework.cloud.gateway.config.GatewayAutoConfiguration#remoteAddrRoutePredicateFactory matched
2023-11-24T15:19:04.864+05:30 TRACE 34207 --- [    Test worker] o.s.c.g.c.c.OnEnabledPredicate           : Condition OnEnabledPredicate on org.springframework.cloud.gateway.config.GatewayAutoConfiguration#xForwardedRemoteAddrRoutePredicateFactory matched
2023-11-24T15:19:04.865+05:30 TRACE 34207 --- [    Test worker] o.s.c.g.c.c.OnEnabledPredicate           : Condition OnEnabledPredicate on org.springframework.cloud.gateway.config.GatewayAutoConfiguration#weightRoutePredicateFactory matched
2023-11-24T15:19:04.865+05:30 TRACE 34207 --- [    Test worker] o.s.c.g.c.c.OnEnabledPredicate           : Condition OnEnabledPredicate on org.springframework.cloud.gateway.config.GatewayAutoConfiguration#cloudFoundryRouteServiceRoutePredicateFactory matched
2023-11-24T15:19:04.865+05:30 TRACE 34207 --- [    Test worker] o.s.c.g.c.conditional.OnEnabledFilter    : Condition OnEnabledFilter on org.springframework.cloud.gateway.config.GatewayAutoConfiguration#addRequestHeaderGatewayFilterFactory matched
2023-11-24T15:19:04.866+05:30 TRACE 34207 --- [    Test worker] o.s.c.g.c.conditional.OnEnabledFilter    : Condition OnEnabledFilter on org.springframework.cloud.gateway.config.GatewayAutoConfiguration#addRequestHeadersIfNotPresentGatewayFilterFactory matched
2023-11-24T15:19:04.866+05:30 TRACE 34207 --- [    Test worker] o.s.c.g.c.conditional.OnEnabledFilter    : Condition OnEnabledFilter on org.springframework.cloud.gateway.config.GatewayAutoConfiguration#mapRequestHeaderGatewayFilterFactory matched
2023-11-24T15:19:04.866+05:30 TRACE 34207 --- [    Test worker] o.s.c.g.c.conditional.OnEnabledFilter    : Condition OnEnabledFilter on org.springframework.cloud.gateway.config.GatewayAutoConfiguration#addRequestParameterGatewayFilterFactory matched
2023-11-24T15:19:04.866+05:30 TRACE 34207 --- [    Test worker] o.s.c.g.c.conditional.OnEnabledFilter    : Condition OnEnabledFilter on org.springframework.cloud.gateway.config.GatewayAutoConfiguration#addResponseHeaderGatewayFilterFactory matched
2023-11-24T15:19:04.866+05:30 TRACE 34207 --- [    Test worker] o.s.c.g.c.conditional.OnEnabledFilter    : Condition OnEnabledFilter on org.springframework.cloud.gateway.config.GatewayAutoConfiguration#modifyRequestBodyGatewayFilterFactory matched
2023-11-24T15:19:04.866+05:30 TRACE 34207 --- [    Test worker] o.s.c.g.c.conditional.OnEnabledFilter    : Condition OnEnabledFilter on org.springframework.cloud.gateway.config.GatewayAutoConfiguration#dedupeResponseHeaderGatewayFilterFactory matched
2023-11-24T15:19:04.867+05:30 TRACE 34207 --- [    Test worker] o.s.c.g.c.conditional.OnEnabledFilter    : Condition OnEnabledFilter on org.springframework.cloud.gateway.config.GatewayAutoConfiguration#modifyResponseBodyGatewayFilterFactory matched
2023-11-24T15:19:04.867+05:30 TRACE 34207 --- [    Test worker] o.s.c.g.c.conditional.OnEnabledFilter    : Condition OnEnabledFilter on org.springframework.cloud.gateway.config.GatewayAutoConfiguration#cacheRequestBodyGatewayFilterFactory matched
2023-11-24T15:19:04.867+05:30 TRACE 34207 --- [    Test worker] o.s.c.g.c.conditional.OnEnabledFilter    : Condition OnEnabledFilter on org.springframework.cloud.gateway.config.GatewayAutoConfiguration#prefixPathGatewayFilterFactory matched
2023-11-24T15:19:04.867+05:30 TRACE 34207 --- [    Test worker] o.s.c.g.c.conditional.OnEnabledFilter    : Condition OnEnabledFilter on org.springframework.cloud.gateway.config.GatewayAutoConfiguration#preserveHostHeaderGatewayFilterFactory matched
2023-11-24T15:19:04.867+05:30 TRACE 34207 --- [    Test worker] o.s.c.g.c.conditional.OnEnabledFilter    : Condition OnEnabledFilter on org.springframework.cloud.gateway.config.GatewayAutoConfiguration#redirectToGatewayFilterFactory matched
2023-11-24T15:19:04.868+05:30 TRACE 34207 --- [    Test worker] o.s.c.g.c.conditional.OnEnabledFilter    : Condition OnEnabledFilter on org.springframework.cloud.gateway.config.GatewayAutoConfiguration#removeJsonAttributesResponseBodyGatewayFilterFactory matched
2023-11-24T15:19:04.868+05:30 TRACE 34207 --- [    Test worker] o.s.c.g.c.conditional.OnEnabledFilter    : Condition OnEnabledFilter on org.springframework.cloud.gateway.config.GatewayAutoConfiguration#removeRequestHeaderGatewayFilterFactory matched
2023-11-24T15:19:04.868+05:30 TRACE 34207 --- [    Test worker] o.s.c.g.c.conditional.OnEnabledFilter    : Condition OnEnabledFilter on org.springframework.cloud.gateway.config.GatewayAutoConfiguration#removeRequestParameterGatewayFilterFactory matched
2023-11-24T15:19:04.868+05:30 TRACE 34207 --- [    Test worker] o.s.c.g.c.conditional.OnEnabledFilter    : Condition OnEnabledFilter on org.springframework.cloud.gateway.config.GatewayAutoConfiguration#removeResponseHeaderGatewayFilterFactory matched
2023-11-24T15:19:04.873+05:30 TRACE 34207 --- [    Test worker] o.s.c.g.c.conditional.OnEnabledFilter    : Condition OnEnabledFilter on org.springframework.cloud.gateway.config.GatewayAutoConfiguration#rewritePathGatewayFilterFactory matched
2023-11-24T15:19:04.873+05:30 TRACE 34207 --- [    Test worker] o.s.c.g.c.conditional.OnEnabledFilter    : Condition OnEnabledFilter on org.springframework.cloud.gateway.config.GatewayAutoConfiguration#retryGatewayFilterFactory matched
2023-11-24T15:19:04.873+05:30 TRACE 34207 --- [    Test worker] o.s.c.g.c.conditional.OnEnabledFilter    : Condition OnEnabledFilter on org.springframework.cloud.gateway.config.GatewayAutoConfiguration#setPathGatewayFilterFactory matched
2023-11-24T15:19:04.873+05:30 TRACE 34207 --- [    Test worker] o.s.c.g.c.conditional.OnEnabledFilter    : Condition OnEnabledFilter on org.springframework.cloud.gateway.config.GatewayAutoConfiguration#secureHeadersGatewayFilterFactory matched
2023-11-24T15:19:04.874+05:30 TRACE 34207 --- [    Test worker] o.s.c.g.c.conditional.OnEnabledFilter    : Condition OnEnabledFilter on org.springframework.cloud.gateway.config.GatewayAutoConfiguration#setRequestHeaderGatewayFilterFactory matched
2023-11-24T15:19:04.874+05:30 TRACE 34207 --- [    Test worker] o.s.c.g.c.conditional.OnEnabledFilter    : Condition OnEnabledFilter on org.springframework.cloud.gateway.config.GatewayAutoConfiguration#setRequestHostHeaderGatewayFilterFactory matched
2023-11-24T15:19:04.874+05:30 TRACE 34207 --- [    Test worker] o.s.c.g.c.conditional.OnEnabledFilter    : Condition OnEnabledFilter on org.springframework.cloud.gateway.config.GatewayAutoConfiguration#setResponseHeaderGatewayFilterFactory matched
2023-11-24T15:19:04.874+05:30 TRACE 34207 --- [    Test worker] o.s.c.g.c.conditional.OnEnabledFilter    : Condition OnEnabledFilter on org.springframework.cloud.gateway.config.GatewayAutoConfiguration#rewriteResponseHeaderGatewayFilterFactory matched
2023-11-24T15:19:04.874+05:30 TRACE 34207 --- [    Test worker] o.s.c.g.c.conditional.OnEnabledFilter    : Condition OnEnabledFilter on org.springframework.cloud.gateway.config.GatewayAutoConfiguration#rewriteLocationResponseHeaderGatewayFilterFactory matched
2023-11-24T15:19:04.875+05:30 TRACE 34207 --- [    Test worker] o.s.c.g.c.conditional.OnEnabledFilter    : Condition OnEnabledFilter on org.springframework.cloud.gateway.config.GatewayAutoConfiguration#setStatusGatewayFilterFactory matched
2023-11-24T15:19:04.875+05:30 TRACE 34207 --- [    Test worker] o.s.c.g.c.conditional.OnEnabledFilter    : Condition OnEnabledFilter on org.springframework.cloud.gateway.config.GatewayAutoConfiguration#saveSessionGatewayFilterFactory matched
2023-11-24T15:19:04.875+05:30 TRACE 34207 --- [    Test worker] o.s.c.g.c.conditional.OnEnabledFilter    : Condition OnEnabledFilter on org.springframework.cloud.gateway.config.GatewayAutoConfiguration#stripPrefixGatewayFilterFactory matched
2023-11-24T15:19:04.875+05:30 TRACE 34207 --- [    Test worker] o.s.c.g.c.conditional.OnEnabledFilter    : Condition OnEnabledFilter on org.springframework.cloud.gateway.config.GatewayAutoConfiguration#requestHeaderToRequestUriGatewayFilterFactory matched
2023-11-24T15:19:04.875+05:30 TRACE 34207 --- [    Test worker] o.s.c.g.c.conditional.OnEnabledFilter    : Condition OnEnabledFilter on org.springframework.cloud.gateway.config.GatewayAutoConfiguration#requestSizeGatewayFilterFactory matched
2023-11-24T15:19:04.876+05:30 TRACE 34207 --- [    Test worker] o.s.c.g.c.conditional.OnEnabledFilter    : Condition OnEnabledFilter on org.springframework.cloud.gateway.config.GatewayAutoConfiguration#requestHeaderSizeGatewayFilterFactory matched
2023-11-24T15:19:04.992+05:30  INFO 34207 --- [    Test worker] o.s.cloud.context.scope.GenericScope     : BeanFactory id=d3b711c6-5280-34d6-8ae9-12a3ec086701
2023-11-24T15:19:05.069+05:30  INFO 34207 --- [    Test worker] trationDelegate$BeanPostProcessorChecker : Bean 'org.springframework.cloud.client.loadbalancer.reactive.LoadBalancerBeanPostProcessorAutoConfiguration' of type [org.springframework.cloud.client.loadbalancer.reactive.LoadBalancerBeanPostProcessorAutoConfiguration] is not eligible for getting processed by all BeanPostProcessors (for example: not eligible for auto-proxying)
2023-11-24T15:19:05.071+05:30  INFO 34207 --- [    Test worker] trationDelegate$BeanPostProcessorChecker : Bean 'org.springframework.cloud.client.loadbalancer.reactive.LoadBalancerBeanPostProcessorAutoConfiguration$ReactorDeferringLoadBalancerFilterConfig' of type [org.springframework.cloud.client.loadbalancer.reactive.LoadBalancerBeanPostProcessorAutoConfiguration$ReactorDeferringLoadBalancerFilterConfig] is not eligible for getting processed by all BeanPostProcessors (for example: not eligible for auto-proxying)
2023-11-24T15:19:05.072+05:30  INFO 34207 --- [    Test worker] trationDelegate$BeanPostProcessorChecker : Bean 'reactorDeferringLoadBalancerExchangeFilterFunction' of type [org.springframework.cloud.client.loadbalancer.reactive.DeferringLoadBalancerExchangeFilterFunction] is not eligible for getting processed by all BeanPostProcessors (for example: not eligible for auto-proxying)
2023-11-24T15:19:05.464+05:30 DEBUG 34207 --- [    Test worker] o.s.c.gateway.config.GatewayProperties   : Routes supplied from Gateway Properties: [RouteDefinition{id='movie-service', predicates=[PredicateDefinition{name='Path', args={_genkey_0=/api/movie/**}}], filters=[FilterDefinition{name='GatewayRoutingFilter', args={}}], uri=lb://movie-service, order=0, metadata={}}, RouteDefinition{id='reservation-service', predicates=[PredicateDefinition{name='Path', args={_genkey_0=/api/reservation/**}}], filters=[FilterDefinition{name='GatewayRoutingFilter', args={}}], uri=lb://reservation-service, order=0, metadata={}}, RouteDefinition{id='discovery-server', predicates=[PredicateDefinition{name='Path', args={_genkey_0=/eureka/web}}], filters=[FilterDefinition{name='SetPath', args={_genkey_0=/}}], uri=http://localhost:8761, order=0, metadata={}}, RouteDefinition{id='discovery-server-static', predicates=[PredicateDefinition{name='Path', args={_genkey_0=/eureka/**}}], filters=[], uri=http://localhost:8761, order=0, metadata={}}, RouteDefinition{id='auth-service', predicates=[PredicateDefinition{name='Path', args={_genkey_0=/api/auth/**}}], filters=[], uri=lb://auth-service, order=0, metadata={}}]
2023-11-24T15:19:05.664+05:30  INFO 34207 --- [    Test worker] o.s.c.g.r.RouteDefinitionRouteLocator    : Loaded RoutePredicateFactory [After]
2023-11-24T15:19:05.664+05:30  INFO 34207 --- [    Test worker] o.s.c.g.r.RouteDefinitionRouteLocator    : Loaded RoutePredicateFactory [Before]
2023-11-24T15:19:05.664+05:30  INFO 34207 --- [    Test worker] o.s.c.g.r.RouteDefinitionRouteLocator    : Loaded RoutePredicateFactory [Between]
2023-11-24T15:19:05.664+05:30  INFO 34207 --- [    Test worker] o.s.c.g.r.RouteDefinitionRouteLocator    : Loaded RoutePredicateFactory [Cookie]
2023-11-24T15:19:05.664+05:30  INFO 34207 --- [    Test worker] o.s.c.g.r.RouteDefinitionRouteLocator    : Loaded RoutePredicateFactory [Header]
2023-11-24T15:19:05.664+05:30  INFO 34207 --- [    Test worker] o.s.c.g.r.RouteDefinitionRouteLocator    : Loaded RoutePredicateFactory [Host]
2023-11-24T15:19:05.664+05:30  INFO 34207 --- [    Test worker] o.s.c.g.r.RouteDefinitionRouteLocator    : Loaded RoutePredicateFactory [Method]
2023-11-24T15:19:05.664+05:30  INFO 34207 --- [    Test worker] o.s.c.g.r.RouteDefinitionRouteLocator    : Loaded RoutePredicateFactory [Path]
2023-11-24T15:19:05.664+05:30  INFO 34207 --- [    Test worker] o.s.c.g.r.RouteDefinitionRouteLocator    : Loaded RoutePredicateFactory [Query]
2023-11-24T15:19:05.664+05:30  INFO 34207 --- [    Test worker] o.s.c.g.r.RouteDefinitionRouteLocator    : Loaded RoutePredicateFactory [ReadBody]
2023-11-24T15:19:05.665+05:30  INFO 34207 --- [    Test worker] o.s.c.g.r.RouteDefinitionRouteLocator    : Loaded RoutePredicateFactory [RemoteAddr]
2023-11-24T15:19:05.665+05:30  INFO 34207 --- [    Test worker] o.s.c.g.r.RouteDefinitionRouteLocator    : Loaded RoutePredicateFactory [XForwardedRemoteAddr]
2023-11-24T15:19:05.665+05:30  INFO 34207 --- [    Test worker] o.s.c.g.r.RouteDefinitionRouteLocator    : Loaded RoutePredicateFactory [Weight]
2023-11-24T15:19:05.665+05:30  INFO 34207 --- [    Test worker] o.s.c.g.r.RouteDefinitionRouteLocator    : Loaded RoutePredicateFactory [CloudFoundryRouteService]
2023-11-24T15:19:05.869+05:30  INFO 34207 --- [    Test worker] DiscoveryClientOptionalArgsConfiguration : Eureka HTTP Client uses RestTemplate.
2023-11-24T15:19:05.944+05:30  WARN 34207 --- [    Test worker] iguration$LoadBalancerCaffeineWarnLogger : Spring Cloud LoadBalancer is currently working with the default cache. While this cache implementation is useful for development and tests, it's recommended to use Caffeine cache in production.You can switch to using Caffeine cache, by adding it and org.springframework.cache.caffeine.CaffeineCacheManager to the classpath.
2023-11-24T15:19:05.968+05:30  INFO 34207 --- [    Test worker] o.s.c.n.eureka.InstanceInfoFactory       : Setting initial instance status as: STARTING
2023-11-24T15:19:06.045+05:30  INFO 34207 --- [    Test worker] com.netflix.discovery.DiscoveryClient    : Initializing Eureka in region us-east-1
2023-11-24T15:19:06.049+05:30  INFO 34207 --- [    Test worker] c.n.d.s.r.aws.ConfigClusterResolver      : Resolving eureka endpoints via configuration
2023-11-24T15:19:06.069+05:30  INFO 34207 --- [    Test worker] com.netflix.discovery.DiscoveryClient    : Disable delta property : false
2023-11-24T15:19:06.070+05:30  INFO 34207 --- [    Test worker] com.netflix.discovery.DiscoveryClient    : Single vip registry refresh property : null
2023-11-24T15:19:06.070+05:30  INFO 34207 --- [    Test worker] com.netflix.discovery.DiscoveryClient    : Force full registry fetch : false
2023-11-24T15:19:06.070+05:30  INFO 34207 --- [    Test worker] com.netflix.discovery.DiscoveryClient    : Application is null : false
2023-11-24T15:19:06.070+05:30  INFO 34207 --- [    Test worker] com.netflix.discovery.DiscoveryClient    : Registered Applications size is zero : true
2023-11-24T15:19:06.070+05:30  INFO 34207 --- [    Test worker] com.netflix.discovery.DiscoveryClient    : Application version is -1: true
2023-11-24T15:19:06.070+05:30  INFO 34207 --- [    Test worker] com.netflix.discovery.DiscoveryClient    : Getting all instance registry info from the eureka server
2023-11-24T15:19:06.281+05:30  INFO 34207 --- [    Test worker] com.netflix.discovery.DiscoveryClient    : The response status is 200
2023-11-24T15:19:06.283+05:30  INFO 34207 --- [    Test worker] com.netflix.discovery.DiscoveryClient    : Starting heartbeat executor: renew interval is: 30
2023-11-24T15:19:06.284+05:30  INFO 34207 --- [    Test worker] c.n.discovery.InstanceInfoReplicator     : InstanceInfoReplicator onDemand update allowed rate per min is 4
2023-11-24T15:19:06.288+05:30  INFO 34207 --- [    Test worker] com.netflix.discovery.DiscoveryClient    : Discovery Client initialized at timestamp 1700819346287 with initial instances count: 1
2023-11-24T15:19:06.289+05:30  INFO 34207 --- [    Test worker] o.s.c.n.e.s.EurekaServiceRegistry        : Registering application API-GATEWAY with eureka with status UP
2023-11-24T15:19:06.289+05:30  INFO 34207 --- [    Test worker] com.netflix.discovery.DiscoveryClient    : Saw local status change event StatusChangeEvent [timestamp=1700819346289, current=UP, previous=STARTING]
2023-11-24T15:19:06.290+05:30  INFO 34207 --- [nfoReplicator-0] com.netflix.discovery.DiscoveryClient    : DiscoveryClient_API-GATEWAY/10.20.11.84:api-gateway: registering service...
2023-11-24T15:19:06.301+05:30 DEBUG 34207 --- [    Test worker] o.s.c.g.r.RouteDefinitionRouteLocator    : RouteDefinition movie-service applying {_genkey_0=/api/movie/**} to Path
2023-11-24T15:19:06.312+05:30 DEBUG 34207 --- [    Test worker] o.s.c.g.r.RouteDefinitionRouteLocator    : RouteDefinition movie-service applying filter {} to GatewayRoutingFilter
2023-11-24T15:19:06.314+05:30 DEBUG 34207 --- [    Test worker] o.s.c.g.r.RouteDefinitionRouteLocator    : RouteDefinition matched: movie-service
2023-11-24T15:19:06.314+05:30 DEBUG 34207 --- [    Test worker] o.s.c.g.r.RouteDefinitionRouteLocator    : RouteDefinition reservation-service applying {_genkey_0=/api/reservation/**} to Path
2023-11-24T15:19:06.315+05:30 DEBUG 34207 --- [    Test worker] o.s.c.g.r.RouteDefinitionRouteLocator    : RouteDefinition reservation-service applying filter {} to GatewayRoutingFilter
2023-11-24T15:19:06.316+05:30 DEBUG 34207 --- [    Test worker] o.s.c.g.r.RouteDefinitionRouteLocator    : RouteDefinition matched: reservation-service
2023-11-24T15:19:06.316+05:30 DEBUG 34207 --- [    Test worker] o.s.c.g.r.RouteDefinitionRouteLocator    : RouteDefinition discovery-server applying {_genkey_0=/eureka/web} to Path
2023-11-24T15:19:06.316+05:30 DEBUG 34207 --- [    Test worker] o.s.c.g.r.RouteDefinitionRouteLocator    : RouteDefinition discovery-server applying filter {_genkey_0=/} to SetPath
2023-11-24T15:19:06.321+05:30 DEBUG 34207 --- [    Test worker] o.s.c.g.r.RouteDefinitionRouteLocator    : RouteDefinition matched: discovery-server
2023-11-24T15:19:06.322+05:30 DEBUG 34207 --- [    Test worker] o.s.c.g.r.RouteDefinitionRouteLocator    : RouteDefinition discovery-server-static applying {_genkey_0=/eureka/**} to Path
2023-11-24T15:19:06.323+05:30 DEBUG 34207 --- [    Test worker] o.s.c.g.r.RouteDefinitionRouteLocator    : RouteDefinition matched: discovery-server-static
2023-11-24T15:19:06.323+05:30 DEBUG 34207 --- [    Test worker] o.s.c.g.r.RouteDefinitionRouteLocator    : RouteDefinition auth-service applying {_genkey_0=/api/auth/**} to Path
2023-11-24T15:19:06.323+05:30  INFO 34207 --- [nfoReplicator-0] com.netflix.discovery.DiscoveryClient    : DiscoveryClient_API-GATEWAY/10.20.11.84:api-gateway - registration status: 204
2023-11-24T15:19:06.324+05:30 DEBUG 34207 --- [    Test worker] o.s.c.g.r.RouteDefinitionRouteLocator    : RouteDefinition matched: auth-service
2023-11-24T15:19:06.334+05:30 DEBUG 34207 --- [    Test worker] o.s.c.g.r.RouteDefinitionRouteLocator    : RouteDefinition movie-service applying {_genkey_0=/api/movie/**} to Path
2023-11-24T15:19:06.335+05:30 DEBUG 34207 --- [    Test worker] o.s.c.g.r.RouteDefinitionRouteLocator    : RouteDefinition movie-service applying filter {} to GatewayRoutingFilter
2023-11-24T15:19:06.335+05:30 DEBUG 34207 --- [    Test worker] o.s.c.g.r.RouteDefinitionRouteLocator    : RouteDefinition matched: movie-service
2023-11-24T15:19:06.335+05:30 DEBUG 34207 --- [    Test worker] o.s.c.g.r.RouteDefinitionRouteLocator    : RouteDefinition reservation-service applying {_genkey_0=/api/reservation/**} to Path
2023-11-24T15:19:06.336+05:30 DEBUG 34207 --- [    Test worker] o.s.c.g.r.RouteDefinitionRouteLocator    : RouteDefinition reservation-service applying filter {} to GatewayRoutingFilter
2023-11-24T15:19:06.336+05:30 DEBUG 34207 --- [    Test worker] o.s.c.g.r.RouteDefinitionRouteLocator    : RouteDefinition matched: reservation-service
2023-11-24T15:19:06.336+05:30 DEBUG 34207 --- [    Test worker] o.s.c.g.r.RouteDefinitionRouteLocator    : RouteDefinition discovery-server applying {_genkey_0=/eureka/web} to Path
2023-11-24T15:19:06.337+05:30 DEBUG 34207 --- [    Test worker] o.s.c.g.r.RouteDefinitionRouteLocator    : RouteDefinition discovery-server applying filter {_genkey_0=/} to SetPath
2023-11-24T15:19:06.337+05:30 DEBUG 34207 --- [    Test worker] o.s.c.g.r.RouteDefinitionRouteLocator    : RouteDefinition matched: discovery-server
2023-11-24T15:19:06.337+05:30 DEBUG 34207 --- [    Test worker] o.s.c.g.r.RouteDefinitionRouteLocator    : RouteDefinition discovery-server-static applying {_genkey_0=/eureka/**} to Path
2023-11-24T15:19:06.338+05:30 DEBUG 34207 --- [    Test worker] o.s.c.g.r.RouteDefinitionRouteLocator    : RouteDefinition matched: discovery-server-static
2023-11-24T15:19:06.338+05:30 DEBUG 34207 --- [    Test worker] o.s.c.g.r.RouteDefinitionRouteLocator    : RouteDefinition auth-service applying {_genkey_0=/api/auth/**} to Path
2023-11-24T15:19:06.338+05:30 DEBUG 34207 --- [    Test worker] o.s.c.g.r.RouteDefinitionRouteLocator    : RouteDefinition matched: auth-service
2023-11-24T15:19:06.341+05:30  INFO 34207 --- [    Test worker] c.c.a.ApiGatewayApplicationTests         : Started ApiGatewayApplicationTests in 2.038 seconds (process running for 2.599)
]]></system-out>
  <system-err><![CDATA[]]></system-err>
</testsuite>
